2025-01-29 16:00:37,560 - INFO - Processed partner 1/120: avasis GmbH (DE)
2025-01-29 16:00:37,735 - INFO - Processed partner 2/120: BCT Technology GmbH (CH)
2025-01-29 16:00:37,909 - INFO - Processed partner 3/120: Taipuva Consulting Oy
2025-01-29 16:00:38,113 - INFO - Processed partner 4/120: Beijing TeamLive Works Technology Co.,Ltd
2025-01-29 16:00:38,278 - INFO - Processed partner 5/120: Compliance Group
2025-01-29 16:00:38,441 - INFO - Processed partner 6/120: InnoFour B.V.
2025-01-29 16:00:38,638 - INFO - Processed partner 7/120: Medsoto GmbH
2025-01-29 16:00:38,835 - INFO - Processed partner 8/120: POLARSOFT SAS
2025-01-29 16:00:39,034 - INFO - Processed partner 9/120: Sterling PLM, Inc.
2025-01-29 16:00:39,198 - INFO - Processed partner 10/120: Accenture LLP
2025-01-29 16:00:39,355 - INFO - Processed partner 11/120: 3D Engineering Automation LLP
2025-01-29 16:00:39,544 - INFO - Processed partner 12/120: avasis AG (CH)
2025-01-29 16:00:39,699 - INFO - Processed partner 13/120: BCT Technology AG (DE)
2025-01-29 16:00:39,852 - INFO - Processed partner 14/120: CADIANS SYSTEM CORPORATION
2025-01-29 16:00:40,038 - INFO - Processed partner 15/120: Clevr AS
2025-01-29 16:00:40,187 - INFO - Processed partner 16/120: d.u.h. Group GmbH
2025-01-29 16:00:40,333 - INFO - Processed partner 17/120: DENTSU SOKEN INC.
2025-01-29 16:00:40,505 - INFO - Processed partner 18/120: Emixa Industry Solutions B.V. (NL)
2025-01-29 16:00:40,651 - INFO - Processed partner 19/120: Emixa Industry Solutions Ltd
2025-01-29 16:00:40,793 - INFO - Processed partner 20/120: Enginia BV
2025-01-29 16:00:40,962 - INFO - Processed partner 21/120: ePLM AG
2025-01-29 16:00:41,103 - INFO - Processed partner 22/120: IPS Shanghai Co., Ltd
2025-01-29 16:00:41,242 - INFO - Processed partner 23/120: KIMIES CORPORATION
2025-01-29 16:00:41,409 - INFO - Processed partner 24/120: MAIT Germany GmbH
2025-01-29 16:00:41,554 - INFO - Processed partner 25/120: MAIT Swiss GmbH
2025-01-29 16:00:41,695 - INFO - Processed partner 26/120: Maya HTT
2025-01-29 16:00:41,831 - INFO - Processed partner 27/120: Maya HTT UK Ltd
2025-01-29 16:00:42,014 - INFO - Processed partner 28/120: Nancal Technology Co.,Ltd
2025-01-29 16:00:42,145 - INFO - Processed partner 29/120: PBU CAD-Systeme GmbH
2025-01-29 16:00:42,275 - INFO - Processed partner 30/120: PROLIM Solutions India Pvt. Ltd.
2025-01-29 16:00:42,426 - INFO - Processed partner 31/120: PROLIM Technologies Pty Ltd
2025-01-29 16:00:42,555 - INFO - Processed partner 32/120: Shanghai United Grand Information Technology Co., Ltd.
2025-01-29 16:00:42,670 - INFO - Processed partner 33/120: Shenzhen UINFOR Software Co., Ltd.
2025-01-29 16:00:42,791 - INFO - Processed partner 34/120: SPACE SOLUTION INC.
2025-01-29 16:00:42,946 - INFO - Processed partner 35/120: Spatial Integrated Systems Inc.
2025-01-29 16:00:43,064 - INFO - Processed partner 36/120: VAR INDUSTRIES SRL
2025-01-29 16:00:43,174 - INFO - Processed partner 37/120: znt Zentren für Neue Technologien GmbH
2025-01-29 16:00:43,285 - INFO - Processed partner 38/120: CITEK System
2025-01-29 16:00:43,425 - INFO - Processed partner 39/120: DDSPLM Private Limited
2025-01-29 16:00:43,532 - INFO - Processed partner 40/120: Eva  Tony Advisory AB
2025-01-29 16:00:43,639 - INFO - Processed partner 41/120: PRISMACIM-EFFORT, S.L
2025-01-29 16:00:43,746 - INFO - Processed partner 42/120: Shanghai Firstronix Electronic Technology Co., Ltd.
2025-01-29 16:00:43,879 - INFO - Processed partner 43/120: Shanghai Grace Field Information Technology Co., Ltd.
2025-01-29 16:00:43,982 - INFO - Processed partner 44/120: Shanghai Kunde Info-tech Co., Ltd.
2025-01-29 16:00:44,084 - INFO - Processed partner 45/120: Shanghai ZK Auto Electronic Co.,Ltd
2025-01-29 16:00:44,182 - INFO - Processed partner 46/120: Solid System Team GmbH
2025-01-29 16:00:44,311 - INFO - Processed partner 47/120: Three M Software Pvt. Ltd.
2025-01-29 16:00:44,404 - INFO - Processed partner 48/120: WISDOM ENGINEERING SERVICES CORP.
2025-01-29 16:00:44,496 - INFO - Processed partner 49/120: Zhejiang Connor Industry Software Co., Ltd
2025-01-29 16:00:44,589 - INFO - Processed partner 50/120: Cador Consulting Sp. z o.o.
2025-01-29 16:00:44,677 - INFO - Processed partner 51/120: Guangzhou Gohope Info-tech Co.,ltd
2025-01-29 16:00:44,796 - INFO - Processed partner 52/120: JiKyung Solutec Co., Ltd.
2025-01-29 16:00:44,884 - INFO - Processed partner 53/120: Kaizen Design and Development Limited
2025-01-29 16:00:44,969 - INFO - Processed partner 54/120: TAC Corporation
2025-01-29 16:00:45,062 - INFO - Processed partner 55/120: Bogazici Yazilim Anonim Sirketi
2025-01-29 16:00:45,149 - INFO - Processed partner 56/120: Boya Digital Technology (Beijing) Co., Ltd.
2025-01-29 16:00:45,270 - INFO - Processed partner 57/120: Changhong IT Information Products Co., Ltd
2025-01-29 16:00:45,357 - INFO - Processed partner 58/120: Dawning Technology Inc.
2025-01-29 16:00:45,439 - INFO - Processed partner 59/120: DIGITAL CHINA(CHINA) LIMITED
2025-01-29 16:00:45,525 - INFO - Processed partner 60/120: EMIXA INDUSTRY SOLUTIONS BV (BE)
2025-01-29 16:00:45,604 - INFO - Processed partner 61/120: Phoenx PLM Pty Ltd
2025-01-29 16:00:45,687 - INFO - Processed partner 62/120: SDIC Convergence Technology Co., Ltd.
2025-01-29 16:00:45,801 - INFO - Processed partner 63/120: Shanghai Real Information Technology Co., Ltd
2025-01-29 16:00:45,878 - INFO - Processed partner 64/120: Shanghai Real Information Technology Co., Ltd
2025-01-29 16:00:45,955 - INFO - Processed partner 65/120: Shenzhen Suntang Digital Technology Co., Ltd
2025-01-29 16:00:46,029 - INFO - Processed partner 66/120: DESCAR ARGENTINA S R L
2025-01-29 16:00:46,102 - INFO - Processed partner 67/120: Emixa Industry Software GmbH (CH)
2025-01-29 16:00:46,172 - INFO - Processed partner 68/120: Emixa Industry Software GmbH (DE)
2025-01-29 16:00:46,276 - INFO - Processed partner 69/120: Indish Technologies FZE
2025-01-29 16:00:46,345 - INFO - Processed partner 70/120: Shanghai Smart Digital Technology Co., Ltd
2025-01-29 16:00:46,412 - INFO - Processed partner 71/120: Sonata Information Technology Ltd. (VAD)
2025-01-29 16:00:46,478 - INFO - Processed partner 72/120: TATA CONSULTANCY SERVICES LTD.(Parent account)
2025-01-29 16:00:46,549 - INFO - Processed partner 73/120: YCDIS Corp.
2025-01-29 16:00:46,619 - INFO - Processed partner 74/120: AETOS Design and Engineering Pvt. Ltd
2025-01-29 16:00:46,687 - INFO - Processed partner 75/120: BIRLASOFT LIMITED
2025-01-29 16:00:46,794 - INFO - Processed partner 76/120: BOSCH GLOBAL SOFTWARE TECHNOLOGIES PRIVATE LIMITED
2025-01-29 16:00:46,856 - INFO - Processed partner 77/120: CARIUS INFORMATICA LTDA
2025-01-29 16:00:46,918 - INFO - Processed partner 78/120: CMC Technology  Solution Company Limited
2025-01-29 16:00:46,983 - INFO - Processed partner 79/120: Corbinsoft, LLC
2025-01-29 16:00:47,046 - INFO - Processed partner 80/120: Core EL Technologies
2025-01-29 16:00:47,108 - INFO - Processed partner 81/120: covalgo consulting GmbH
2025-01-29 16:00:47,158 - INFO - Processed partner 82/120: covalgo k. s.
2025-01-29 16:00:47,219 - INFO - Processed partner 83/120: Dedicated Systems Australia Pty Ltd
2025-01-29 16:00:47,309 - INFO - Processed partner 84/120: East Sea Technology Engineering Electrical Automation Co., Ltd (ESTEC)
2025-01-29 16:00:47,359 - INFO - Processed partner 85/120: EDMD Solutions d.o.o.
2025-01-29 16:00:47,405 - INFO - Processed partner 86/120: EDMD Solutions Korlatolt Felelossegu Tarsasag
2025-01-29 16:00:47,450 - INFO - Processed partner 87/120: Electro Source Inc. CA
2025-01-29 16:00:47,496 - INFO - Processed partner 88/120: Electro Source Inc. US
2025-01-29 16:00:47,543 - INFO - Processed partner 89/120: Factorio Solutions s.r.o.
2025-01-29 16:00:47,589 - INFO - Processed partner 90/120: Garantis IT Solutions Ltd
2025-01-29 16:00:47,629 - INFO - Processed partner 91/120: HCNC Co., Ltd.
2025-01-29 16:00:47,669 - INFO - Processed partner 92/120: invenio Systems Engineering GmbH
2025-01-29 16:00:47,710 - INFO - Processed partner 93/120: ISAAC Engineering Co., Ltd.
2025-01-29 16:00:47,747 - INFO - Processed partner 94/120: ISIT
2025-01-29 16:00:47,821 - INFO - Processed partner 95/120: JL Company Co. Ltd.
2025-01-29 16:00:47,856 - INFO - Processed partner 96/120: Jotactic Automotive Consulting Co., Ltd
2025-01-29 16:00:47,890 - INFO - Processed partner 97/120: KINGSLAKE ENGINEERING SYSTEMS (PRIVATE) LTD.
2025-01-29 16:00:47,922 - INFO - Processed partner 98/120: LMtec LLC
2025-01-29 16:00:47,958 - INFO - Processed partner 99/120: Megatech Control Pvt. Ltd.
2025-01-29 16:00:47,990 - INFO - Processed partner 100/120: MicroGenesis TechSoft Pvt Ltd.
2025-01-29 16:00:48,022 - INFO - Processed partner 101/120: Mithun Training  Consulting
2025-01-29 16:00:48,054 - INFO - Processed partner 102/120: Nagarro Software FZCO
2025-01-29 16:00:48,081 - INFO - Processed partner 103/120: Penta 3D
2025-01-29 16:00:48,107 - INFO - Processed partner 104/120: PETO SOLUTIONS CO., LTD.
2025-01-29 16:00:48,130 - INFO - Processed partner 105/120: PlantVision AB
2025-01-29 16:00:48,151 - INFO - Processed partner 106/120: PLM Resources GmbH
2025-01-29 16:00:48,171 - INFO - Processed partner 107/120: PROFESIA SRL
2025-01-29 16:00:48,190 - INFO - Processed partner 108/120: Radax Software Solutions
2025-01-29 16:00:48,208 - INFO - Processed partner 109/120: RadBee Ltd
2025-01-29 16:00:48,225 - INFO - Processed partner 110/120: Seabrook Research Ltd
2025-01-29 16:00:48,240 - INFO - Processed partner 111/120: SEIDOR CONSULTING SL
2025-01-29 16:00:48,253 - INFO - Processed partner 112/120: Shanghai Raycomsoft Technology Co., Ltd
2025-01-29 16:00:48,265 - INFO - Processed partner 113/120: Simera Innovate (PTY) LTD
2025-01-29 16:00:48,274 - INFO - Processed partner 114/120: SYNSET LLC
2025-01-29 16:00:48,283 - INFO - Processed partner 115/120: TATA Consultancy Services Limited (JP)
2025-01-29 16:00:48,286 - INFO - Processed partner 116/120: The Design to Manufacturing Co (Cyprus) LTD
2025-01-29 16:00:48,297 - INFO - Processed partner 117/120: TheBONent
2025-01-29 16:00:48,304 - INFO - Processed partner 118/120: TOYO Corporation
2025-01-29 16:00:48,309 - INFO - Processed partner 119/120: TRIAS microelectronics SRL
2025-01-29 16:00:48,311 - INFO - Processed partner 120/120: Trident Techlabs Pvt. Ltd.
2025-01-29 16:00:48,421 - INFO - Successfully exported 120 partners to output\partner_data_20250129_160037.xlsx
