2025-01-29 16:02:39,191 - INFO - Processed partner 1/120: 3D Engineering Automation LLP
2025-01-29 16:02:39,361 - INFO - Processed partner 2/120: ATS-Team3d S.r.l.
2025-01-29 16:02:39,526 - INFO - Processed partner 3/120: CADIANS SYSTEM CORPORATION
2025-01-29 16:02:39,722 - INFO - Processed partner 4/120: Clevr AS
2025-01-29 16:02:39,893 - INFO - Processed partner 5/120: d.u.h. Group GmbH
2025-01-29 16:02:40,069 - INFO - Processed partner 6/120: DENTSU SOKEN INC.
2025-01-29 16:02:40,265 - INFO - Processed partner 7/120: ePLM AG
2025-01-29 16:02:40,424 - INFO - Processed partner 8/120: Eviden Finland Oy
2025-01-29 16:02:40,577 - INFO - Processed partner 9/120: Industries Excellence
2025-01-29 16:02:40,763 - INFO - Processed partner 10/120: Nancal Technology Co.,Ltd
2025-01-29 16:02:40,912 - INFO - Processed partner 11/120: PROLIM Solutions India Pvt. Ltd.
2025-01-29 16:02:41,058 - INFO - Processed partner 12/120: PROLIM Technologies Pty Ltd
2025-01-29 16:02:41,248 - INFO - Processed partner 13/120: Shanghai United Grand Information Technology Co., Ltd.
2025-01-29 16:02:41,384 - INFO - Processed partner 14/120: Shenzhen UINFOR Software Co., Ltd.
2025-01-29 16:02:41,521 - INFO - Processed partner 15/120: VAR INDUSTRIES SRL
2025-01-29 16:02:41,700 - INFO - Processed partner 16/120: znt Zentren für Neue Technologien GmbH
2025-01-29 16:02:41,849 - INFO - Processed partner 17/120: AVANTEK SOLUCIONES PLM S.L.
2025-01-29 16:02:41,987 - INFO - Processed partner 18/120: DENTSU SOKEN (THAILAND) LIMITED
2025-01-29 16:02:42,132 - INFO - Processed partner 19/120: Qingdao Alnnovation ALP Intelligent Industrial Technology Co.,Ltd
2025-01-29 16:02:42,297 - INFO - Processed partner 20/120: Shanghai Kunde Info-tech Co., Ltd.
2025-01-29 16:02:42,427 - INFO - Processed partner 21/120: Three M Software Pvt. Ltd.
2025-01-29 16:02:42,556 - INFO - Processed partner 22/120: Acuity Electronics, Inc. CA  US.
2025-01-29 16:02:42,713 - INFO - Processed partner 23/120: APPLIED TECH SYSTEMS
2025-01-29 16:02:42,846 - INFO - Processed partner 24/120: GCT Information Technology (Suzhou) Co., LTD
2025-01-29 16:02:42,986 - INFO - Processed partner 25/120: Industrial Technology Systems, spol. s r.o.
2025-01-29 16:02:43,119 - INFO - Processed partner 26/120: Kaizen Design and Development Limited
2025-01-29 16:02:43,290 - INFO - Processed partner 27/120: Maval Instalaciones y Automatizacion S.L.U.
2025-01-29 16:02:43,417 - INFO - Processed partner 28/120: Outsourcing Automation Systems S.L.
2025-01-29 16:02:43,537 - INFO - Processed partner 29/120: Simulation Solutions Limited
2025-01-29 16:02:43,651 - INFO - Processed partner 30/120: Smart Master Dealer SMD, S.A.
2025-01-29 16:02:43,801 - INFO - Processed partner 31/120: SOTHIS SERVICIOS TECNOLOGICOS S.L.U
2025-01-29 16:02:44,037 - INFO - Processed partner 32/120: Boya Digital Technology (Beijing) Co., Ltd.
2025-01-29 16:02:44,169 - INFO - Processed partner 33/120: Changhong IT Information Products Co., Ltd
2025-01-29 16:02:44,291 - INFO - Processed partner 34/120: Dawning Technology Inc.
2025-01-29 16:02:44,446 - INFO - Processed partner 35/120: DIGITAL CHINA(CHINA) LIMITED
2025-01-29 16:02:44,560 - INFO - Processed partner 36/120: SDIC Convergence Technology Co., Ltd.
2025-01-29 16:02:44,676 - INFO - Processed partner 37/120: Shenzhen Suntang Digital Technology Co., Ltd
2025-01-29 16:02:44,791 - INFO - Processed partner 38/120: ATS Applied Tech Systems Ltd
2025-01-29 16:02:44,931 - INFO - Processed partner 39/120: Hitachi Sunway Information Systems (Thailand) Ltd.
2025-01-29 16:02:45,050 - INFO - Processed partner 40/120: Indish Technologies FZE
2025-01-29 16:02:45,157 - INFO - Processed partner 41/120: Sonata Information Technology Ltd. (VAD)
2025-01-29 16:02:45,273 - INFO - Processed partner 42/120: TATA CONSULTANCY SERVICES LTD.(Parent account)
2025-01-29 16:02:45,413 - INFO - Processed partner 43/120: ACI IT S A S
2025-01-29 16:02:45,519 - INFO - Processed partner 44/120: Actemium Schweiz AG
2025-01-29 16:02:45,622 - INFO - Processed partner 45/120: AF-Industry AB
2025-01-29 16:02:45,731 - INFO - Processed partner 46/120: Ansotec Soluciones Tecnologicas, S.L.
2025-01-29 16:02:45,839 - INFO - Processed partner 47/120: APS Industrial Pty Ltd
2025-01-29 16:02:46,127 - INFO - Processed partner 48/120: ASKOM Sp. z o.o.
2025-01-29 16:02:46,278 - INFO - Processed partner 49/120: ATS International B.V.
2025-01-29 16:02:46,381 - INFO - Processed partner 50/120: ATS Turkey
2025-01-29 16:02:46,473 - INFO - Processed partner 51/120: AUTEX S.A.
2025-01-29 16:02:46,565 - INFO - Processed partner 52/120: Beijing TTSF Technology Co. Ltd
2025-01-29 16:02:46,692 - INFO - Processed partner 53/120: BOSCH GLOBAL SOFTWARE TECHNOLOGIES PRIVATE LIMITED
2025-01-29 16:02:46,783 - INFO - Processed partner 54/120: Bow Commercial Co., Ltd.
2025-01-29 16:02:46,868 - INFO - Processed partner 55/120: CESAM SEED
2025-01-29 16:02:46,952 - INFO - Processed partner 56/120: Dhruva Automation  Controls Pvt. Ltd.
2025-01-29 16:02:47,040 - INFO - Processed partner 57/120: DigiVisory Consulting Services (Pty) Ltd
2025-01-29 16:02:47,153 - INFO - Processed partner 58/120: Disec Corporation
2025-01-29 16:02:47,234 - INFO - Processed partner 59/120: Dream Technology System Sdn. Bhd.
2025-01-29 16:02:47,313 - INFO - Processed partner 60/120: East Sea Technology Engineering Electrical Automation Co., Ltd (ESTEC)
2025-01-29 16:02:47,389 - INFO - Processed partner 61/120: Exeten Mediterraneo, S.L.
2025-01-29 16:02:47,466 - INFO - Processed partner 62/120: Fujitsu Limited
2025-01-29 16:02:47,539 - INFO - Processed partner 63/120: Getech (Shenzhen) Co., Ltd.
2025-01-29 16:02:47,641 - INFO - Processed partner 64/120: HCNC Co., Ltd.
2025-01-29 16:02:47,713 - INFO - Processed partner 65/120: INEA d.o.o.
2025-01-29 16:02:47,781 - INFO - Processed partner 66/120: ISAAC Engineering Co., Ltd.
2025-01-29 16:02:47,850 - INFO - Processed partner 67/120: JL Company Co. Ltd.
2025-01-29 16:02:47,915 - INFO - Processed partner 68/120: KINGSLAKE ENGINEERING SYSTEMS (PRIVATE) LTD.
2025-01-29 16:02:47,982 - INFO - Processed partner 69/120: MACNICA, Inc.
2025-01-29 16:02:48,083 - INFO - Processed partner 70/120: MAXNERVA(SHEN ZHEN) TECHNOLOGY CO.,LTD.
2025-01-29 16:02:48,148 - INFO - Processed partner 71/120: Megatech Control FZCO
2025-01-29 16:02:48,211 - INFO - Processed partner 72/120: Megatech Control Pvt. Ltd.
2025-01-29 16:02:48,272 - INFO - Processed partner 73/120: Mescada Pty Ltd
2025-01-29 16:02:48,332 - INFO - Processed partner 74/120: Mesure Systems S.L.
2025-01-29 16:02:48,390 - INFO - Processed partner 75/120: Minerva Slovensko, a.s.
2025-01-29 16:02:48,448 - INFO - Processed partner 76/120: Nagarro Software FZCO
2025-01-29 16:02:48,501 - INFO - Processed partner 77/120: NeoDyne Limited
2025-01-29 16:02:48,589 - INFO - Processed partner 78/120: NSOFT Co. Ltd.
2025-01-29 16:02:48,641 - INFO - Processed partner 79/120: ONBoard Solutions Pty Ltd
2025-01-29 16:02:48,694 - INFO - Processed partner 80/120: Opex Technology Pte Ltd
2025-01-29 16:02:48,745 - INFO - Processed partner 81/120: Penta 3D
2025-01-29 16:02:48,797 - INFO - Processed partner 82/120: Pentagon i Runway (Pvt) Ltd
2025-01-29 16:02:48,843 - INFO - Processed partner 83/120: PERCALL APS
2025-01-29 16:02:48,890 - INFO - Processed partner 84/120: PlantVision AB
2025-01-29 16:02:48,934 - INFO - Processed partner 85/120: PLM Resources GmbH
2025-01-29 16:02:48,977 - INFO - Processed partner 86/120: PRECAST FZCO
2025-01-29 16:02:49,057 - INFO - Processed partner 87/120: Product Development Solutions Pte Ltd
2025-01-29 16:02:49,098 - INFO - Processed partner 88/120: PT Hitachi Sunway Information Systems Indonesia
2025-01-29 16:02:49,137 - INFO - Processed partner 89/120: Sagitate (Thailand) Co., Ltd.
2025-01-29 16:02:49,178 - INFO - Processed partner 90/120: SCC HOLDINGS JOINT STOCK COMPANY
2025-01-29 16:02:49,216 - INFO - Processed partner 91/120: SCIENTECHNIC (BR. OF EASA SALEH AL GURG GROUP L.L.C)
2025-01-29 16:02:49,252 - INFO - Processed partner 92/120: SDE DIGITAL TECHNOLOGY COMPANY LIMITED
2025-01-29 16:02:49,287 - INFO - Processed partner 93/120: Seabrook Research Ltd
2025-01-29 16:02:49,319 - INFO - Processed partner 94/120: SENIOR SOFTWARE AGENCY SRL
2025-01-29 16:02:49,349 - INFO - Processed partner 95/120: Shanghai Raycomsoft Technology Co., Ltd
2025-01-29 16:02:49,377 - INFO - Processed partner 96/120: SIDAT, spol. s r.o.
2025-01-29 16:02:49,406 - INFO - Processed partner 97/120: SYNSET LLC
2025-01-29 16:02:49,434 - INFO - Processed partner 98/120: TAS SYSTEM MAQUINAS E EQUIPAMENTOS LTDA
2025-01-29 16:02:49,461 - INFO - Processed partner 99/120: TECHNORD FRANCE SAS
2025-01-29 16:02:49,516 - INFO - Processed partner 100/120: Teknologix Inc.
2025-01-29 16:02:49,541 - INFO - Processed partner 101/120: TheBONent
2025-01-29 16:02:49,562 - INFO - Processed partner 102/120: Vietnam Simulation and Integration Joint Stock Company
2025-01-29 16:02:49,583 - INFO - Processed partner 103/120: Wagner Informatik GmbH
2025-01-29 16:02:49,601 - INFO - Processed partner 104/120: A2S Automatic Application  Service., Jsc
2025-01-29 16:02:49,621 - INFO - Processed partner 105/120: Adroitec Information Systems Pvt. Ltd.
2025-01-29 16:02:49,638 - INFO - Processed partner 106/120: AVANT EQUINOX GROUP INDUSTRY SOLUTIONS (AEGIS) INC.
2025-01-29 16:02:49,656 - INFO - Processed partner 107/120: BAVIS TECHNOLOGIES PRIVATE LIMITED
2025-01-29 16:02:49,673 - INFO - Processed partner 108/120: Beijing GO-WELL Electric Technology Co., Ltd
2025-01-29 16:02:49,688 - INFO - Processed partner 109/120: Beijing Zhongxiangying Technology Co., Ltd.
2025-01-29 16:02:49,702 - INFO - Processed partner 110/120: Chongqing MachineryElectronics Intelligent Manufacturing Co.,Ltd
2025-01-29 16:02:49,715 - INFO - Processed partner 111/120: DoDiscovery(BeiJing) Technology Co.,Ltd.
2025-01-29 16:02:49,727 - INFO - Processed partner 112/120: Fujitsu (Thailand) Co., Ltd.
2025-01-29 16:02:49,737 - INFO - Processed partner 113/120: GenNext PLM Private Limited
2025-01-29 16:02:49,746 - INFO - Processed partner 114/120: Infocore Engineering  IT Services Group
2025-01-29 16:02:49,756 - INFO - Processed partner 115/120: Mostec Technology Co., Ltd.
2025-01-29 16:02:49,762 - INFO - Processed partner 116/120: NANJING LANGCHI GROUP ME CO.,LTD
2025-01-29 16:02:49,769 - INFO - Processed partner 117/120: Shanghai Kyber Cloud Technology ltd
2025-01-29 16:02:49,774 - INFO - Processed partner 118/120: Shanghai Wellthinic Technology Co., Ltd.
2025-01-29 16:02:49,777 - INFO - Processed partner 119/120: Solva Technology Co., Ltd.
2025-01-29 16:02:49,779 - INFO - Processed partner 120/120: Thinkinnov Solution Technologies Private Limited
2025-01-29 16:02:49,848 - INFO - Successfully exported 120 partners to output\partner_data_20250129_160237.xlsx
