2025-01-29 16:03:21,462 - INFO - Processed partner 1/120: 3D Engineering Automation LLP
2025-01-29 16:03:21,641 - INFO - Processed partner 2/120: Applied CAx, LLC
2025-01-29 16:03:21,811 - INFO - Processed partner 3/120: avasis GmbH (DE)
2025-01-29 16:03:22,018 - INFO - Processed partner 4/120: BCT Technology AG (DE)
2025-01-29 16:03:22,185 - INFO - Processed partner 5/120: CADIANS SYSTEM CORPORATION
2025-01-29 16:03:22,347 - INFO - Processed partner 6/120: Clevr AS
2025-01-29 16:03:22,536 - INFO - Processed partner 7/120: d.u.h. Group GmbH
2025-01-29 16:03:22,704 - INFO - Processed partner 8/120: DENTSU SOKEN INC.
2025-01-29 16:03:22,887 - INFO - Processed partner 9/120: Emixa Industry Solutions Ltd
2025-01-29 16:03:23,053 - INFO - Processed partner 10/120: Enginia BV
2025-01-29 16:03:23,212 - INFO - Processed partner 11/120: Eviden Finland Oy
2025-01-29 16:03:23,408 - INFO - Processed partner 12/120: Industries Excellence
2025-01-29 16:03:23,579 - INFO - Processed partner 13/120: IPS Shanghai Co., Ltd
2025-01-29 16:03:23,751 - INFO - Processed partner 14/120: KIMIES CORPORATION
2025-01-29 16:03:23,932 - INFO - Processed partner 15/120: MAIT Swiss GmbH
2025-01-29 16:03:24,091 - INFO - Processed partner 16/120: Maya HTT
2025-01-29 16:03:24,241 - INFO - Processed partner 17/120: Maya Simulation Technologies Ltd.
2025-01-29 16:03:24,420 - INFO - Processed partner 18/120: Nancal Technology Co.,Ltd
2025-01-29 16:03:24,566 - INFO - Processed partner 19/120: Nextage AB
2025-01-29 16:03:24,723 - INFO - Processed partner 20/120: Nextage Aps
2025-01-29 16:03:24,894 - INFO - Processed partner 21/120: OTSUKA INFORMATION TECHNOLOGY CORPORATION
2025-01-29 16:03:25,039 - INFO - Processed partner 22/120: PROLIM Global Corporation
2025-01-29 16:03:25,183 - INFO - Processed partner 23/120: PROLIM Solutions India Pvt. Ltd.
2025-01-29 16:03:25,319 - INFO - Processed partner 24/120: PROLIM Technologies Pty Ltd
2025-01-29 16:03:25,488 - INFO - Processed partner 25/120: Shanghai United Grand Information Technology Co., Ltd.
2025-01-29 16:03:25,624 - INFO - Processed partner 26/120: Shenzhen UINFOR Software Co., Ltd.
2025-01-29 16:03:25,757 - INFO - Processed partner 27/120: SPACE SOLUTION INC.
2025-01-29 16:03:25,923 - INFO - Processed partner 28/120: SWOOSH TECHNOLOGIES  SOLUTIONS
2025-01-29 16:03:26,055 - INFO - Processed partner 29/120: TRUE CHANGE TECNOLOGIA LTDA
2025-01-29 16:03:26,178 - INFO - Processed partner 30/120: UNITED FORCE CATON (BEIJING) SYSTEM INTEGRATED CO., LTD.
2025-01-29 16:03:26,302 - INFO - Processed partner 31/120: Volupe AB
2025-01-29 16:03:26,461 - INFO - Processed partner 32/120: znt Zentren für Neue Technologien GmbH
2025-01-29 16:03:26,574 - INFO - Processed partner 33/120: AXIOM TECH s.r.o.
2025-01-29 16:03:26,691 - INFO - Processed partner 34/120: Beijing SunTang Tech Co.,Ltd
2025-01-29 16:03:26,834 - INFO - Processed partner 35/120: CITEK System
2025-01-29 16:03:26,948 - INFO - Processed partner 36/120: DENTSU SOKEN (THAILAND) LIMITED
2025-01-29 16:03:27,061 - INFO - Processed partner 37/120: Emixa Application Solutions B.V.
2025-01-29 16:03:27,175 - INFO - Processed partner 38/120: Enterprise Communications Magyarorszag Kft
2025-01-29 16:03:27,313 - INFO - Processed partner 39/120: Kinetech Cloud, LLC
2025-01-29 16:03:27,428 - INFO - Processed partner 40/120: Kudos Manufacturing Solutions Ltd
2025-01-29 16:03:27,539 - INFO - Processed partner 41/120: RDS TECHNOLOGY BAY LIMITED
2025-01-29 16:03:27,642 - INFO - Processed partner 42/120: Shanghai Elsa Information Technology Co., Ltd
2025-01-29 16:03:27,751 - INFO - Processed partner 43/120: Shanghai Firstronix Electronic Technology Co., Ltd.
2025-01-29 16:03:27,887 - INFO - Processed partner 44/120: Shanghai Grace Field Information Technology Co., Ltd.
2025-01-29 16:03:27,986 - INFO - Processed partner 45/120: Shanghai Kunde Info-tech Co., Ltd.
2025-01-29 16:03:28,084 - INFO - Processed partner 46/120: Three M Software Pvt. Ltd.
2025-01-29 16:03:28,179 - INFO - Processed partner 47/120: Big Data Services S de RL de CV
2025-01-29 16:03:28,303 - INFO - Processed partner 48/120: Compliance Group
2025-01-29 16:03:28,399 - INFO - Processed partner 49/120: Guangzhou Gohope Info-tech Co.,ltd
2025-01-29 16:03:28,498 - INFO - Processed partner 50/120: Industrial Technology Systems, spol. s r.o.
2025-01-29 16:03:28,594 - INFO - Processed partner 51/120: Longterm Technology Services LLC
2025-01-29 16:03:28,694 - INFO - Processed partner 52/120: Maval Instalaciones y Automatizacion S.L.U.
2025-01-29 16:03:28,817 - INFO - Processed partner 53/120: Smart Master Dealer SMD, S.A.
2025-01-29 16:03:28,904 - INFO - Processed partner 54/120: SOTHIS SERVICIOS TECNOLOGICOS S.L.U
2025-01-29 16:03:28,998 - INFO - Processed partner 55/120: TAC Corporation
2025-01-29 16:03:29,090 - INFO - Processed partner 56/120: TBN Corporation Public Company Limited
2025-01-29 16:03:29,182 - INFO - Processed partner 57/120: TechSim Engineering s.r.o.
2025-01-29 16:03:29,315 - INFO - Processed partner 58/120: Bogazici Yazilim Anonim Sirketi
2025-01-29 16:03:29,409 - INFO - Processed partner 59/120: Boya Digital Technology (Beijing) Co., Ltd.
2025-01-29 16:03:29,501 - INFO - Processed partner 60/120: Changhong IT Information Products Co., Ltd
2025-01-29 16:03:29,591 - INFO - Processed partner 61/120: Dawning Technology Inc.
2025-01-29 16:03:29,673 - INFO - Processed partner 62/120: DIGITAL CHINA(CHINA) LIMITED
2025-01-29 16:03:29,758 - INFO - Processed partner 63/120: NETRIBE ULTRA S.r.l.
2025-01-29 16:03:29,880 - INFO - Processed partner 64/120: Phoenx PLM Pty Ltd
2025-01-29 16:03:29,959 - INFO - Processed partner 65/120: SDIC Convergence Technology Co., Ltd.
2025-01-29 16:03:30,041 - INFO - Processed partner 66/120: Shanghai Real Information Technology Co., Ltd
2025-01-29 16:03:30,141 - INFO - Processed partner 67/120: Shanghai Real Information Technology Co., Ltd
2025-01-29 16:03:30,228 - INFO - Processed partner 68/120: Shenzhen Suntang Digital Technology Co., Ltd
2025-01-29 16:03:30,308 - INFO - Processed partner 69/120: ATS Applied Tech Systems Ltd
2025-01-29 16:03:30,453 - INFO - Processed partner 70/120: AuraQ Limited
2025-01-29 16:03:30,529 - INFO - Processed partner 71/120: Emixa Industry Software GmbH (CH)
2025-01-29 16:03:30,598 - INFO - Processed partner 72/120: Emixa Industry Software GmbH (DE)
2025-01-29 16:03:30,666 - INFO - Processed partner 73/120: Excel Design Technologies Pvt Ltd
2025-01-29 16:03:30,734 - INFO - Processed partner 74/120: GuangZhou Eingsoft IT CO.Ltd
2025-01-29 16:03:30,795 - INFO - Processed partner 75/120: Indish Technologies FZE
2025-01-29 16:03:30,857 - INFO - Processed partner 76/120: Shanghai EON Information Technology Co.,Ltd
2025-01-29 16:03:30,919 - INFO - Processed partner 77/120: Sonata Information Technology Ltd. (VAD)
2025-01-29 16:03:31,025 - INFO - Processed partner 78/120: YCDIS Corp.
2025-01-29 16:03:31,088 - INFO - Processed partner 79/120: ABANTAIL, SCOOP
2025-01-29 16:03:31,155 - INFO - Processed partner 80/120: AESSIS LTD
2025-01-29 16:03:31,214 - INFO - Processed partner 81/120: Ancud IT-Beratung GmbH
2025-01-29 16:03:31,268 - INFO - Processed partner 82/120: ASKOM Sp. z o.o.
2025-01-29 16:03:31,327 - INFO - Processed partner 83/120: Avocodo GmbH
2025-01-29 16:03:31,383 - INFO - Processed partner 84/120: Avvale Espana SL
2025-01-29 16:03:31,438 - INFO - Processed partner 85/120: Avvale Forward S.R.L.
2025-01-29 16:03:31,518 - INFO - Processed partner 86/120: Axians IT Business Solutions GmbH
2025-01-29 16:03:31,562 - INFO - Processed partner 87/120: Boldly Go Industries GmbH
2025-01-29 16:03:31,608 - INFO - Processed partner 88/120: BridgingIT GmbH
2025-01-29 16:03:31,653 - INFO - Processed partner 89/120: Cegeka Deutschland GmbH
2025-01-29 16:03:31,700 - INFO - Processed partner 90/120: CJ Tech Private Limited
2025-01-29 16:03:31,749 - INFO - Processed partner 91/120: Clearvision (CM) Solutions Limited
2025-01-29 16:03:31,791 - INFO - Processed partner 92/120: CLEVR DE GmbH
2025-01-29 16:03:31,834 - INFO - Processed partner 93/120: CMC Technology  Solution Company Limited
2025-01-29 16:03:31,875 - INFO - Processed partner 94/120: Collaboration Betters The World SA
2025-01-29 16:03:31,912 - INFO - Processed partner 95/120: Compeople AG
2025-01-29 16:03:31,951 - INFO - Processed partner 96/120: Core EL Technologies
2025-01-29 16:03:31,986 - INFO - Processed partner 97/120: Creatity s.r.o.
2025-01-29 16:03:32,062 - INFO - Processed partner 98/120: Datamation (M) Sdn Bhd
2025-01-29 16:03:32,096 - INFO - Processed partner 99/120: Deeeplabs Pte Ltd
2025-01-29 16:03:32,127 - INFO - Processed partner 100/120: DEVOL RPA S.L.
2025-01-29 16:03:32,157 - INFO - Processed partner 101/120: DigiVisory Consulting Services (Pty) Ltd
2025-01-29 16:03:32,185 - INFO - Processed partner 102/120: Disec Corporation
2025-01-29 16:03:32,212 - INFO - Processed partner 103/120: DMC Datenverarbeitungs- und Management Consulting GmbH
2025-01-29 16:03:32,237 - INFO - Processed partner 104/120: East Sea Technology Engineering Electrical Automation Co., Ltd (ESTEC)
2025-01-29 16:03:32,260 - INFO - Processed partner 105/120: eccenca GmbH
2025-01-29 16:03:32,282 - INFO - Processed partner 106/120: ECS Engineering Consulting + Solutions GmbH
2025-01-29 16:03:32,302 - INFO - Processed partner 107/120: EDMD Solutions d.o.o.
2025-01-29 16:03:32,323 - INFO - Processed partner 108/120: Exeten Mediterraneo, S.L.
2025-01-29 16:03:32,341 - INFO - Processed partner 109/120: FEAC Engineering P.C.
2025-01-29 16:03:32,357 - INFO - Processed partner 110/120: Flexilion GmbH
2025-01-29 16:03:32,374 - INFO - Processed partner 111/120: Glownexus SA
2025-01-29 16:03:32,387 - INFO - Processed partner 112/120: Gouverneur Conseil
2025-01-29 16:03:32,400 - INFO - Processed partner 113/120: GWAY S.r.l
2025-01-29 16:03:32,411 - INFO - Processed partner 114/120: Hand Enterprise Solutions Company Ltd
2025-01-29 16:03:32,420 - INFO - Processed partner 115/120: HATEC Industrial Software SolutionLicensing GmbH
2025-01-29 16:03:32,428 - INFO - Processed partner 116/120: HCNC Co., Ltd.
2025-01-29 16:03:32,433 - INFO - Processed partner 117/120: I4tech Pte. Ltd.
2025-01-29 16:03:32,438 - INFO - Processed partner 118/120: IMburse AG
2025-01-29 16:03:32,442 - INFO - Processed partner 119/120: Impact Networking, LLC
2025-01-29 16:03:32,443 - INFO - Processed partner 120/120: Inacta AG
2025-01-29 16:03:32,510 - INFO - Successfully exported 120 partners to output\partner_data_20250129_160321.xlsx
