2025-01-29 16:02:24,124 - INFO - Processed partner 1/120: avasis GmbH (DE)
2025-01-29 16:02:24,300 - INFO - Processed partner 2/120: BCT Technology GmbH (CH)
2025-01-29 16:02:24,475 - INFO - Processed partner 3/120: Taipuva Consulting Oy
2025-01-29 16:02:24,682 - INFO - Processed partner 4/120: Beijing TeamLive Works Technology Co.,Ltd
2025-01-29 16:02:24,866 - INFO - Processed partner 5/120: Compliance Group
2025-01-29 16:02:25,038 - INFO - Processed partner 6/120: InnoFour B.V.
2025-01-29 16:02:25,246 - INFO - Processed partner 7/120: Medsoto GmbH
2025-01-29 16:02:25,421 - INFO - Processed partner 8/120: POLARSOFT SAS
2025-01-29 16:02:25,619 - INFO - Processed partner 9/120: Sterling PLM, Inc.
2025-01-29 16:02:25,780 - INFO - Processed partner 10/120: Accenture LLP
2025-01-29 16:02:25,937 - INFO - Processed partner 11/120: 3D Engineering Automation LLP
2025-01-29 16:02:26,132 - INFO - Processed partner 12/120: avasis AG (CH)
2025-01-29 16:02:26,285 - INFO - Processed partner 13/120: BCT Technology AG (DE)
2025-01-29 16:02:26,431 - INFO - Processed partner 14/120: CADIANS SYSTEM CORPORATION
2025-01-29 16:02:26,612 - INFO - Processed partner 15/120: Clevr AS
2025-01-29 16:02:26,752 - INFO - Processed partner 16/120: d.u.h. Group GmbH
2025-01-29 16:02:26,901 - INFO - Processed partner 17/120: DENTSU SOKEN INC.
2025-01-29 16:02:27,077 - INFO - Processed partner 18/120: Emixa Industry Solutions B.V. (NL)
2025-01-29 16:02:27,221 - INFO - Processed partner 19/120: Emixa Industry Solutions Ltd
2025-01-29 16:02:27,359 - INFO - Processed partner 20/120: Enginia BV
2025-01-29 16:02:27,524 - INFO - Processed partner 21/120: ePLM AG
2025-01-29 16:02:27,673 - INFO - Processed partner 22/120: IPS Shanghai Co., Ltd
2025-01-29 16:02:27,814 - INFO - Processed partner 23/120: KIMIES CORPORATION
2025-01-29 16:02:27,985 - INFO - Processed partner 24/120: MAIT Germany GmbH
2025-01-29 16:02:28,117 - INFO - Processed partner 25/120: MAIT Swiss GmbH
2025-01-29 16:02:28,248 - INFO - Processed partner 26/120: Maya HTT
2025-01-29 16:02:28,379 - INFO - Processed partner 27/120: Maya HTT UK Ltd
2025-01-29 16:02:28,537 - INFO - Processed partner 28/120: Nancal Technology Co.,Ltd
2025-01-29 16:02:28,660 - INFO - Processed partner 29/120: PBU CAD-Systeme GmbH
2025-01-29 16:02:28,774 - INFO - Processed partner 30/120: PROLIM Solutions India Pvt. Ltd.
2025-01-29 16:02:28,928 - INFO - Processed partner 31/120: PROLIM Technologies Pty Ltd
2025-01-29 16:02:29,046 - INFO - Processed partner 32/120: Shanghai United Grand Information Technology Co., Ltd.
2025-01-29 16:02:29,165 - INFO - Processed partner 33/120: Shenzhen UINFOR Software Co., Ltd.
2025-01-29 16:02:29,279 - INFO - Processed partner 34/120: SPACE SOLUTION INC.
2025-01-29 16:02:29,423 - INFO - Processed partner 35/120: Spatial Integrated Systems Inc.
2025-01-29 16:02:29,538 - INFO - Processed partner 36/120: VAR INDUSTRIES SRL
2025-01-29 16:02:29,652 - INFO - Processed partner 37/120: znt Zentren für Neue Technologien GmbH
2025-01-29 16:02:29,770 - INFO - Processed partner 38/120: CITEK System
2025-01-29 16:02:29,910 - INFO - Processed partner 39/120: DDSPLM Private Limited
2025-01-29 16:02:30,017 - INFO - Processed partner 40/120: Eva  Tony Advisory AB
2025-01-29 16:02:30,125 - INFO - Processed partner 41/120: PRISMACIM-EFFORT, S.L
2025-01-29 16:02:30,231 - INFO - Processed partner 42/120: Shanghai Firstronix Electronic Technology Co., Ltd.
2025-01-29 16:02:30,362 - INFO - Processed partner 43/120: Shanghai Grace Field Information Technology Co., Ltd.
2025-01-29 16:02:30,467 - INFO - Processed partner 44/120: Shanghai Kunde Info-tech Co., Ltd.
2025-01-29 16:02:30,564 - INFO - Processed partner 45/120: Shanghai ZK Auto Electronic Co.,Ltd
2025-01-29 16:02:30,660 - INFO - Processed partner 46/120: Solid System Team GmbH
2025-01-29 16:02:30,788 - INFO - Processed partner 47/120: Three M Software Pvt. Ltd.
2025-01-29 16:02:30,892 - INFO - Processed partner 48/120: WISDOM ENGINEERING SERVICES CORP.
2025-01-29 16:02:30,999 - INFO - Processed partner 49/120: Zhejiang Connor Industry Software Co., Ltd
2025-01-29 16:02:31,103 - INFO - Processed partner 50/120: Cador Consulting Sp. z o.o.
2025-01-29 16:02:31,200 - INFO - Processed partner 51/120: Guangzhou Gohope Info-tech Co.,ltd
2025-01-29 16:02:31,330 - INFO - Processed partner 52/120: JiKyung Solutec Co., Ltd.
2025-01-29 16:02:31,415 - INFO - Processed partner 53/120: Kaizen Design and Development Limited
2025-01-29 16:02:31,550 - INFO - Processed partner 54/120: TAC Corporation
2025-01-29 16:02:31,758 - INFO - Processed partner 55/120: Bogazici Yazilim Anonim Sirketi
2025-01-29 16:02:31,855 - INFO - Processed partner 56/120: Boya Digital Technology (Beijing) Co., Ltd.
2025-01-29 16:02:31,976 - INFO - Processed partner 57/120: Changhong IT Information Products Co., Ltd
2025-01-29 16:02:32,067 - INFO - Processed partner 58/120: Dawning Technology Inc.
2025-01-29 16:02:32,154 - INFO - Processed partner 59/120: DIGITAL CHINA(CHINA) LIMITED
2025-01-29 16:02:32,235 - INFO - Processed partner 60/120: EMIXA INDUSTRY SOLUTIONS BV (BE)
2025-01-29 16:02:32,317 - INFO - Processed partner 61/120: Phoenx PLM Pty Ltd
2025-01-29 16:02:32,394 - INFO - Processed partner 62/120: SDIC Convergence Technology Co., Ltd.
2025-01-29 16:02:32,502 - INFO - Processed partner 63/120: Shanghai Real Information Technology Co., Ltd
2025-01-29 16:02:32,580 - INFO - Processed partner 64/120: Shanghai Real Information Technology Co., Ltd
2025-01-29 16:02:32,651 - INFO - Processed partner 65/120: Shenzhen Suntang Digital Technology Co., Ltd
2025-01-29 16:02:32,730 - INFO - Processed partner 66/120: DESCAR ARGENTINA S R L
2025-01-29 16:02:32,805 - INFO - Processed partner 67/120: Emixa Industry Software GmbH (CH)
2025-01-29 16:02:32,876 - INFO - Processed partner 68/120: Emixa Industry Software GmbH (DE)
2025-01-29 16:02:32,977 - INFO - Processed partner 69/120: Indish Technologies FZE
2025-01-29 16:02:33,047 - INFO - Processed partner 70/120: Shanghai Smart Digital Technology Co., Ltd
2025-01-29 16:02:33,115 - INFO - Processed partner 71/120: Sonata Information Technology Ltd. (VAD)
2025-01-29 16:02:33,178 - INFO - Processed partner 72/120: TATA CONSULTANCY SERVICES LTD.(Parent account)
2025-01-29 16:02:33,296 - INFO - Processed partner 73/120: YCDIS Corp.
2025-01-29 16:02:33,464 - INFO - Processed partner 74/120: AETOS Design and Engineering Pvt. Ltd
2025-01-29 16:02:33,569 - INFO - Processed partner 75/120: BIRLASOFT LIMITED
2025-01-29 16:02:33,686 - INFO - Processed partner 76/120: BOSCH GLOBAL SOFTWARE TECHNOLOGIES PRIVATE LIMITED
2025-01-29 16:02:33,751 - INFO - Processed partner 77/120: CARIUS INFORMATICA LTDA
2025-01-29 16:02:33,816 - INFO - Processed partner 78/120: CMC Technology  Solution Company Limited
2025-01-29 16:02:33,877 - INFO - Processed partner 79/120: Corbinsoft, LLC
2025-01-29 16:02:33,935 - INFO - Processed partner 80/120: Core EL Technologies
2025-01-29 16:02:33,997 - INFO - Processed partner 81/120: covalgo consulting GmbH
2025-01-29 16:02:34,062 - INFO - Processed partner 82/120: covalgo k. s.
2025-01-29 16:02:34,116 - INFO - Processed partner 83/120: Dedicated Systems Australia Pty Ltd
2025-01-29 16:02:34,197 - INFO - Processed partner 84/120: East Sea Technology Engineering Electrical Automation Co., Ltd (ESTEC)
2025-01-29 16:02:34,246 - INFO - Processed partner 85/120: EDMD Solutions d.o.o.
2025-01-29 16:02:34,291 - INFO - Processed partner 86/120: EDMD Solutions Korlatolt Felelossegu Tarsasag
2025-01-29 16:02:34,335 - INFO - Processed partner 87/120: Electro Source Inc. CA
2025-01-29 16:02:34,378 - INFO - Processed partner 88/120: Electro Source Inc. US
2025-01-29 16:02:34,420 - INFO - Processed partner 89/120: Factorio Solutions s.r.o.
2025-01-29 16:02:34,458 - INFO - Processed partner 90/120: Garantis IT Solutions Ltd
2025-01-29 16:02:34,497 - INFO - Processed partner 91/120: HCNC Co., Ltd.
2025-01-29 16:02:34,534 - INFO - Processed partner 92/120: invenio Systems Engineering GmbH
2025-01-29 16:02:34,571 - INFO - Processed partner 93/120: ISAAC Engineering Co., Ltd.
2025-01-29 16:02:34,605 - INFO - Processed partner 94/120: ISIT
2025-01-29 16:02:34,672 - INFO - Processed partner 95/120: JL Company Co. Ltd.
2025-01-29 16:02:34,705 - INFO - Processed partner 96/120: Jotactic Automotive Consulting Co., Ltd
2025-01-29 16:02:34,737 - INFO - Processed partner 97/120: KINGSLAKE ENGINEERING SYSTEMS (PRIVATE) LTD.
2025-01-29 16:02:34,768 - INFO - Processed partner 98/120: LMtec LLC
2025-01-29 16:02:34,797 - INFO - Processed partner 99/120: Megatech Control Pvt. Ltd.
2025-01-29 16:02:34,824 - INFO - Processed partner 100/120: MicroGenesis TechSoft Pvt Ltd.
2025-01-29 16:02:34,861 - INFO - Processed partner 101/120: Mithun Training  Consulting
2025-01-29 16:02:34,893 - INFO - Processed partner 102/120: Nagarro Software FZCO
2025-01-29 16:02:34,917 - INFO - Processed partner 103/120: Penta 3D
2025-01-29 16:02:34,939 - INFO - Processed partner 104/120: PETO SOLUTIONS CO., LTD.
2025-01-29 16:02:34,961 - INFO - Processed partner 105/120: PlantVision AB
2025-01-29 16:02:34,982 - INFO - Processed partner 106/120: PLM Resources GmbH
2025-01-29 16:02:35,000 - INFO - Processed partner 107/120: PROFESIA SRL
2025-01-29 16:02:35,019 - INFO - Processed partner 108/120: Radax Software Solutions
2025-01-29 16:02:35,038 - INFO - Processed partner 109/120: RadBee Ltd
2025-01-29 16:02:35,055 - INFO - Processed partner 110/120: Seabrook Research Ltd
2025-01-29 16:02:35,069 - INFO - Processed partner 111/120: SEIDOR CONSULTING SL
2025-01-29 16:02:35,081 - INFO - Processed partner 112/120: Shanghai Raycomsoft Technology Co., Ltd
2025-01-29 16:02:35,091 - INFO - Processed partner 113/120: Simera Innovate (PTY) LTD
2025-01-29 16:02:35,100 - INFO - Processed partner 114/120: SYNSET LLC
2025-01-29 16:02:35,108 - INFO - Processed partner 115/120: TATA Consultancy Services Limited (JP)
2025-01-29 16:02:35,115 - INFO - Processed partner 116/120: The Design to Manufacturing Co (Cyprus) LTD
2025-01-29 16:02:35,120 - INFO - Processed partner 117/120: TheBONent
2025-01-29 16:02:35,126 - INFO - Processed partner 118/120: TOYO Corporation
2025-01-29 16:02:35,129 - INFO - Processed partner 119/120: TRIAS microelectronics SRL
2025-01-29 16:02:35,132 - INFO - Processed partner 120/120: Trident Techlabs Pvt. Ltd.
2025-01-29 16:02:35,227 - INFO - Successfully exported 120 partners to output\partner_data_20250129_160223.xlsx
